9/23/2016 9:42:19 PM	This log contains information about the import schema operation into project 'CounterDB' on computer 'CARLQ-PC' by user 'carlq'.
9/23/2016 9:42:19 PM	Import of database schema has started.
9/23/2016 9:42:23 PM	Gathering database options
9/23/2016 9:42:23 PM	Gathering users
9/23/2016 9:42:23 PM	Gathering roles
9/23/2016 9:42:23 PM	Gathering application roles
9/23/2016 9:42:23 PM	Gathering role memberships
9/23/2016 9:42:23 PM	Gathering filegroups
9/23/2016 9:42:23 PM	Gathering full-text catalogs
9/23/2016 9:42:23 PM	Gathering assemblies
9/23/2016 9:42:23 PM	Gathering certificates
9/23/2016 9:42:23 PM	Gathering asymmetric keys
9/23/2016 9:42:23 PM	Gathering symmetric keys
9/23/2016 9:42:23 PM	Gathering encrypted symmetric keys
9/23/2016 9:42:23 PM	Gathering schemas
9/23/2016 9:42:24 PM	Gathering XML schema collections
9/23/2016 9:42:24 PM	Gathering user-defined data types
9/23/2016 9:42:24 PM	Gathering user-defined types
9/23/2016 9:42:24 PM	Gathering table types
9/23/2016 9:42:24 PM	Gathering unique keys for table types
9/23/2016 9:42:24 PM	Gathering primary keys for table types
9/23/2016 9:42:24 PM	Gathering check constraints for table types
9/23/2016 9:42:24 PM	Gathering default constraints for table types
9/23/2016 9:42:24 PM	Gathering partition functions
9/23/2016 9:42:24 PM	Gathering partition schemes
9/23/2016 9:42:24 PM	Gathering functions
9/23/2016 9:42:24 PM	Gathering encrypted functions
9/23/2016 9:42:24 PM	Gathering aggregates
9/23/2016 9:42:24 PM	Gathering procedures
9/23/2016 9:42:24 PM	Gathering encrypted procedures
9/23/2016 9:42:24 PM	Gathering tables
9/23/2016 9:42:24 PM	Gathering primary keys
9/23/2016 9:42:24 PM	Gathering unique constraints
9/23/2016 9:42:24 PM	Gathering foreign keys
9/23/2016 9:42:24 PM	Gathering default constraints
9/23/2016 9:42:24 PM	Gathering check constraints
9/23/2016 9:42:24 PM	Gathering views
9/23/2016 9:42:24 PM	Gathering encrypted views
9/23/2016 9:42:24 PM	Gathering indexes
9/23/2016 9:42:24 PM	Gathering statistics
9/23/2016 9:42:24 PM	Gathering full-text index stoplists
9/23/2016 9:42:24 PM	Gathering search property lists
9/23/2016 9:42:24 PM	Gathering search properties
9/23/2016 9:42:24 PM	Gathering full-text indexes
9/23/2016 9:42:24 PM	Gathering column store indexes
9/23/2016 9:42:24 PM	Gathering spatial indexes
9/23/2016 9:42:24 PM	Gathering XML indexes
9/23/2016 9:42:24 PM	Gathering encrypted triggers
9/23/2016 9:42:24 PM	Gathering triggers
9/23/2016 9:42:24 PM	Gathering encrypted and clr ddl triggers
9/23/2016 9:42:24 PM	Gathering ddl triggers
9/23/2016 9:42:24 PM	Gathering synonyms
9/23/2016 9:42:24 PM	Gathering defaults
9/23/2016 9:42:24 PM	Gathering data constraint uddt bindings
9/23/2016 9:42:24 PM	Gathering rules
9/23/2016 9:42:24 PM	Gathering data constraint uddt bindings
9/23/2016 9:42:24 PM	Gathering message types
9/23/2016 9:42:24 PM	Gathering queues
9/23/2016 9:42:24 PM	Gathering contracts
9/23/2016 9:42:24 PM	Gathering services
9/23/2016 9:42:24 PM	Gathering event notifications
9/23/2016 9:42:24 PM	Gathering remote service bindings
9/23/2016 9:42:24 PM	Gathering broker priorities
9/23/2016 9:42:24 PM	Gathering signatures
9/23/2016 9:42:24 PM	Gathering data compression options
9/23/2016 9:42:24 PM	Gathering sequence types
9/23/2016 9:42:24 PM	Gathering extended properties
9/23/2016 9:42:24 PM	Gathering credentials
9/23/2016 9:42:24 PM	Gathering logins
9/23/2016 9:42:24 PM	Gathering server audits
9/23/2016 9:42:24 PM	Scanning project for duplicate elements
9/23/2016 9:42:24 PM	Finished duplicate element processing
9/23/2016 9:42:24 PM	Finished importing database.
9/23/2016 9:42:24 PM	A summary of the import was saved to the following location: E:\Misc\Counter\CounterDB\Import Schema Logs\CounterDB_20160923014219.log
9/23/2016 9:42:24 PM	Click Finish to continue...
